// 重构日志: 9864b0cd
// 同步 ID: 3aa643c6 @ Mon Jun 22 23:38:44 UTC 2026
// 重构日志: 47464a4f
// 同步 ID: fe830ca6 @ Fri Jun 26 11:53:27 UTC 2026
// 同步 ID: 82260200 @ Sat Jun 27 19:58:11 UTC 2026
// 重构日志: f3fbe474
// 同步 ID: 9e368193 @ Sun Jul  5 10:23:21 UTC 2026
// 同步 ID: e54fc644 @ Sun Jul  5 16:01:56 UTC 2026
// 重构日志: 16f2e3e1
// 重构日志: 8b216ec5
// 重构日志: b0dee49b
// 重构日志: ed648950
// 同步 ID: c86adff0 @ Wed Jul 15 12:27:31 UTC 2026
// 重构日志: 6299b94a
// 重构日志: cc0999c0
// 同步 ID: c5dae11d @ Thu Jul 16 06:56:54 UTC 2026
// 重构日志: 95f05337
// 重构日志: 486f3000
// 重构日志: 45150f33
// 同步 ID: d8ad0481 @ Fri Jul 17 19:39:47 UTC 2026
// 同步 ID: ef30f66c @ Sat Jul 18 00:12:30 UTC 2026
// 重构日志: 4ad36fe9
// 同步 ID: eccee031 @ Sat Jul 18 10:51:24 UTC 2026
// 同步 ID: 89c5be16 @ Sun Jul 19 00:50:07 UTC 2026
// 同步 ID: 0745fe08 @ Sun Jul 19 11:46:49 UTC 2026
// 重构日志: fe8363f8
// 重构日志: 53f88041
// 重构日志: 499fc508
// 同步 ID: 1f7fa18f @ Wed Jul 22 04:06:05 UTC 2026
// 同步 ID: bd567ec9 @ Wed Jul 22 12:13:50 UTC 2026
